<?xml version="1.0" encoding="UTF-8"?>
<!-- Generated by org.testng.reporters.JUnitXMLReporter -->
<testsuite ignored="0" hostname="shan-" failures="1" tests="1" name="Account Register Chrome" time="2.287" errors="0" timestamp="2024-08-16T21:30:48 IST">
  <testcase classname="testCases.AccountRegister" name="verify_register" time="0.082">
    <failure type="java.lang.AssertionError" message="null">
      <![CDATA[java.lang.AssertionError: null
at testCases.AccountRegister.verify_register(AccountRegister.java:50)
at java.base/java.util.ArrayList.forEach(ArrayList.java:1511)
... Removed 29 stack frames]]>
    </failure>
  </testcase> <!-- verify_register -->
</testsuite> <!-- Account Register Chrome -->
